android/app/build/intermediates/manifest_merge_blame_file/release/manifest-merger-blame-release-report.txt
1<?xml version="1.0" encoding="utf-8"?>
2<manifest xmlns:android="http://schemas.android.com/apk/res/android"
3    package="com.yukon"
4    android:versionCode="6"
5    android:versionName="1.1" >
6
7    <uses-sdk
8        android:minSdkVersion="21"
8-->src/main/AndroidManifest.xml
9        android:targetSdkVersion="29" />
9-->src/main/AndroidManifest.xml
10
11    <uses-permission android:name="android.permission.INTERNET" />
11-->src/main/AndroidManifest.xml:7:5-67
11-->src/main/AndroidManifest.xml:7:22-64
12    <uses-permission android:name="android.permission.SYSTEM_ALERT_WINDOW" />
12-->src/main/AndroidManifest.xml:8:5-78
12-->src/main/AndroidManifest.xml:8:22-75
13    <!-- OPTIONAL PERMISSIONS, REMOVE WHATEVER YOU DO NOT NEED -->
14    <!-- <uses-permission android:name="android.permission.MANAGE_DOCUMENTS" /> -->
15    <uses-permission android:name="android.permission.READ_INTERNAL_STORAGE" />
15-->src/main/AndroidManifest.xml:11:5-80
15-->src/main/AndroidManifest.xml:11:22-77
16    <uses-permission android:name="android.permission.READ_PHONE_STATE" />
16-->src/main/AndroidManifest.xml:12:5-75
16-->src/main/AndroidManifest.xml:12:22-72
17    <!-- <uses-permission android:name="android.permission.USE_FINGERPRINT" /> -->
18    <uses-permission android:name="android.permission.VIBRATE" />
18-->src/main/AndroidManifest.xml:14:5-66
18-->src/main/AndroidManifest.xml:14:22-63
19    <uses-permission android:name="android.permission.MODIFY_AUDIO_SETTINGS" />
19-->src/main/AndroidManifest.xml:15:5-80
19-->src/main/AndroidManifest.xml:15:22-77
20    <!-- These require runtime permissions on M -->
21    <uses-permission android:name="android.permission.ACCESS_COARSE_LOCATION" />
21-->src/main/AndroidManifest.xml:17:5-81
21-->src/main/AndroidManifest.xml:17:22-78
22    <uses-permission android:name="android.permission.ACCESS_FINE_LOCATION" />
22-->src/main/AndroidManifest.xml:18:5-79
22-->src/main/AndroidManifest.xml:18:22-76
23    <uses-permission android:name="android.permission.CAMERA" />
23-->src/main/AndroidManifest.xml:19:5-65
23-->src/main/AndroidManifest.xml:19:22-62
24    <uses-permission android:name="android.permission.READ_CONTACTS" />
24-->src/main/AndroidManifest.xml:20:5-72
24-->src/main/AndroidManifest.xml:20:22-69
25    <uses-permission android:name="android.permission.READ_CALENDAR" />
25-->src/main/AndroidManifest.xml:21:5-72
25-->src/main/AndroidManifest.xml:21:22-69
26    <uses-permission android:name="android.permission.WRITE_CALENDAR" />
26-->src/main/AndroidManifest.xml:22:5-73
26-->src/main/AndroidManifest.xml:22:22-70
27    <uses-permission android:name="android.permission.READ_EXTERNAL_STORAGE" />
27-->src/main/AndroidManifest.xml:23:5-80
27-->src/main/AndroidManifest.xml:23:22-77
28    <uses-permission android:name="android.permission.RECORD_AUDIO" />
28-->src/main/AndroidManifest.xml:24:5-71
28-->src/main/AndroidManifest.xml:24:22-68
29    <uses-permission android:name="android.permission.WRITE_EXTERNAL_STORAGE" />
29-->src/main/AndroidManifest.xml:25:5-81
29-->src/main/AndroidManifest.xml:25:22-78
30    <uses-permission android:name="android.permission.ACCESS_NETWORK_STATE" />
30-->[:expo-updates] AndroidManifest.xml:11:5-79
30-->[:expo-updates] AndroidManifest.xml:11:22-76
31    <uses-permission android:name="android.permission.ACCESS_WIFI_STATE" />
31-->[:react-native-community_netinfo] AndroidManifest.xml:10:5-76
31-->[:react-native-community_netinfo] AndroidManifest.xml:10:22-73
32    <uses-permission android:name="android.permission.STORAGE" />
32-->[:expo-file-system] AndroidManifest.xml:15:5-66
32-->[:expo-file-system] AndroidManifest.xml:15:22-63
33    <uses-permission android:name="android.permission.FOREGROUND_SERVICE" />
33-->[:expo-location] AndroidManifest.xml:13:5-77
33-->[:expo-location] AndroidManifest.xml:13:22-74
34
35    <uses-feature
35-->[com.mapbox.mapboxsdk:mapbox-android-sdk:9.1.0] AndroidManifest.xml:9:5-11:35
36        android:glEsVersion="0x00020000"
36-->[com.mapbox.mapboxsdk:mapbox-android-sdk:9.1.0] AndroidManifest.xml:10:9-41
37        android:required="true" />
37-->[com.mapbox.mapboxsdk:mapbox-android-sdk:9.1.0] AndroidManifest.xml:11:9-32
38    <uses-feature
38-->[com.mapbox.mapboxsdk:mapbox-android-sdk:9.1.0] AndroidManifest.xml:12:5-14:36
39        android:name="android.hardware.wifi"
39-->[com.mapbox.mapboxsdk:mapbox-android-sdk:9.1.0] AndroidManifest.xml:13:9-45
40        android:required="false" /> <!-- Required for CrashReporterJobIntentService on API levels below 25 -->
40-->[com.mapbox.mapboxsdk:mapbox-android-sdk:9.1.0] AndroidManifest.xml:14:9-33
41    <uses-permission android:name="android.permission.WAKE_LOCK" /> <!-- Required by older versions of Google Play services to create IID tokens -->
41-->[com.mapbox.mapboxsdk:mapbox-android-telemetry:5.0.0] AndroidManifest.xml:12:5-68
41-->[com.mapbox.mapboxsdk:mapbox-android-telemetry:5.0.0] AndroidManifest.xml:12:22-65
42    <uses-permission android:name="com.google.android.c2dm.permission.RECEIVE" />
42-->[com.google.android.gms:play-services-iid:17.0.0] AndroidManifest.xml:23:5-82
42-->[com.google.android.gms:play-services-iid:17.0.0] AndroidManifest.xml:23:22-79
43    <uses-permission android:name="com.google.android.providers.gsf.permission.READ_GSERVICES" />
43-->[io.nlopez.smartlocation:library:3.2.11] AndroidManifest.xml:15:5-98
43-->[io.nlopez.smartlocation:library:3.2.11] AndroidManifest.xml:15:22-95
44    <uses-permission android:name="com.google.android.gms.permission.ACTIVITY_RECOGNITION" />
44-->[io.nlopez.smartlocation:library:3.2.11] AndroidManifest.xml:16:5-94
44-->[io.nlopez.smartlocation:library:3.2.11] AndroidManifest.xml:16:22-91
45    <uses-permission android:name="com.google.android.finsky.permission.BIND_GET_INSTALL_REFERRER_SERVICE" /> <!-- <uses-permission android:name="android.permission.WRITE_SETTINGS" /> -->
45-->[com.android.installreferrer:installreferrer:1.1.2] AndroidManifest.xml:9:5-110
45-->[com.android.installreferrer:installreferrer:1.1.2] AndroidManifest.xml:9:22-107
46    <!-- END OPTIONAL PERMISSIONS -->
47    <application
47-->src/main/AndroidManifest.xml:28:5-55:19
48        android:name="com.yukon.MainApplication"
48-->src/main/AndroidManifest.xml:29:9-40
49        android:allowBackup="false"
49-->src/main/AndroidManifest.xml:30:9-36
50        android:appComponentFactory="androidx.core.app.CoreComponentFactory"
50-->[androidx.core:core:1.3.2] AndroidManifest.xml:24:18-86
51        android:icon="@mipmap/ic_launcher"
51-->src/main/AndroidManifest.xml:31:9-43
52        android:label="@string/app_name"
52-->src/main/AndroidManifest.xml:32:9-41
53        android:roundIcon="@mipmap/ic_launcher" >
53-->src/main/AndroidManifest.xml:33:9-48
54        <meta-data
54-->src/main/AndroidManifest.xml:35:9-37:49
55            android:name="expo.modules.updates.EXPO_UPDATE_URL"
55-->src/main/AndroidManifest.xml:36:13-64
56            android:value="YOUR-APP-URL-HERE" />
56-->src/main/AndroidManifest.xml:37:13-46
57        <meta-data
57-->src/main/AndroidManifest.xml:38:9-40:57
58            android:name="expo.modules.updates.EXPO_SDK_VERSION"
58-->src/main/AndroidManifest.xml:39:13-65
59            android:value="YOUR-APP-SDK-VERSION-HERE" />
59-->src/main/AndroidManifest.xml:40:13-54
60
61        <activity
61-->src/main/AndroidManifest.xml:42:9-53:20
62            android:name="com.yukon.MainActivity"
62-->src/main/AndroidManifest.xml:43:13-41
63            android:configChanges="keyboard|keyboardHidden|orientation|screenSize"
63-->src/main/AndroidManifest.xml:44:13-83
64            android:label="@string/app_name"
64-->src/main/AndroidManifest.xml:45:13-45
65            android:launchMode="singleTask"
65-->src/main/AndroidManifest.xml:46:13-44
66            android:theme="@style/Theme.App.SplashScreen"
66-->src/main/AndroidManifest.xml:47:13-58
67            android:windowSoftInputMode="adjustResize" >
67-->src/main/AndroidManifest.xml:48:13-55
68            <intent-filter>
68-->src/main/AndroidManifest.xml:49:13-52:29
69                <action android:name="android.intent.action.MAIN" />
69-->src/main/AndroidManifest.xml:50:17-69
69-->src/main/AndroidManifest.xml:50:25-66
70
71                <category android:name="android.intent.category.LAUNCHER" />
71-->src/main/AndroidManifest.xml:51:17-77
71-->src/main/AndroidManifest.xml:51:27-74
72            </intent-filter>
73        </activity>
74        <activity android:name="com.facebook.react.devsupport.DevSettingsActivity" />
74-->src/main/AndroidManifest.xml:54:9-86
74-->src/main/AndroidManifest.xml:54:19-83
75
76        <provider
76-->[:expo-file-system] AndroidManifest.xml:18:9-27:20
77            android:name="expo.modules.filesystem.FileSystemFileProvider"
77-->[:expo-file-system] AndroidManifest.xml:19:13-74
78            android:authorities="com.yukon.FileSystemFileProvider"
78-->[:expo-file-system] AndroidManifest.xml:20:13-74
79            android:exported="false"
79-->[:expo-file-system] AndroidManifest.xml:21:13-37
80            android:grantUriPermissions="true" >
80-->[:expo-file-system] AndroidManifest.xml:22:13-47
81            <meta-data
81-->[:expo-file-system] AndroidManifest.xml:24:13-26:70
82                android:name="android.support.FILE_PROVIDER_PATHS"
82-->[:expo-file-system] AndroidManifest.xml:25:17-67
83                android:resource="@xml/file_system_provider_paths" />
83-->[:expo-file-system] AndroidManifest.xml:26:17-67
84        </provider>
85
86        <service
86-->[:expo-location] AndroidManifest.xml:16:9-18:40
87            android:name="expo.modules.location.services.LocationTaskService"
87-->[:expo-location] AndroidManifest.xml:17:13-78
88            android:exported="false" />
88-->[:expo-location] AndroidManifest.xml:18:13-37
89
90        <provider
90-->[com.mapbox.mapboxsdk:mapbox-android-telemetry:5.0.0] AndroidManifest.xml:18:9-22:39
91            android:name="com.mapbox.android.telemetry.provider.MapboxTelemetryInitProvider"
91-->[com.mapbox.mapboxsdk:mapbox-android-telemetry:5.0.0] AndroidManifest.xml:19:13-93
92            android:authorities="com.yukon.mapboxtelemetryinitprovider"
92-->[com.mapbox.mapboxsdk:mapbox-android-telemetry:5.0.0] AndroidManifest.xml:20:13-79
93            android:exported="false"
93-->[com.mapbox.mapboxsdk:mapbox-android-telemetry:5.0.0] AndroidManifest.xml:21:13-37
94            android:initOrder="100" />
94-->[com.mapbox.mapboxsdk:mapbox-android-telemetry:5.0.0] AndroidManifest.xml:22:13-36
95
96        <service
96-->[com.mapbox.mapboxsdk:mapbox-android-telemetry:5.0.0] AndroidManifest.xml:24:9-26:72
97            android:name="com.mapbox.android.telemetry.crash.CrashReporterJobIntentService"
97-->[com.mapbox.mapboxsdk:mapbox-android-telemetry:5.0.0] AndroidManifest.xml:25:13-92
98            android:permission="android.permission.BIND_JOB_SERVICE" />
98-->[com.mapbox.mapboxsdk:mapbox-android-telemetry:5.0.0] AndroidManifest.xml:26:13-69
99        <service
99-->[androidx.room:room-runtime:2.1.0] AndroidManifest.xml:25:9-27:40
100            android:name="androidx.room.MultiInstanceInvalidationService"
100-->[androidx.room:room-runtime:2.1.0] AndroidManifest.xml:26:13-74
101            android:exported="false" />
101-->[androidx.room:room-runtime:2.1.0] AndroidManifest.xml:27:13-37
102
103        <activity
103-->[com.google.android.gms:play-services-base:17.0.0] AndroidManifest.xml:23:9-26:75
104            android:name="com.google.android.gms.common.api.GoogleApiActivity"
104-->[com.google.android.gms:play-services-base:17.0.0] AndroidManifest.xml:24:13-79
105            android:exported="false"
105-->[com.google.android.gms:play-services-base:17.0.0] AndroidManifest.xml:25:13-37
106            android:theme="@android:style/Theme.Translucent.NoTitleBar" />
106-->[com.google.android.gms:play-services-base:17.0.0] AndroidManifest.xml:26:13-72
107
108        <meta-data
108-->[com.google.android.gms:play-services-basement:17.0.0] AndroidManifest.xml:23:9-25:69
109            android:name="com.google.android.gms.version"
109-->[com.google.android.gms:play-services-basement:17.0.0] AndroidManifest.xml:24:13-58
110            android:value="@integer/google_play_services_version" />
110-->[com.google.android.gms:play-services-basement:17.0.0] AndroidManifest.xml:25:13-66
111
112        <service
112-->[io.nlopez.smartlocation:library:3.2.11] AndroidManifest.xml:19:9-21:40
113            android:name="io.nlopez.smartlocation.activity.providers.ActivityGooglePlayServicesProvider$ActivityRecognitionService"
113-->[io.nlopez.smartlocation:library:3.2.11] AndroidManifest.xml:20:13-132
114            android:exported="false" />
114-->[io.nlopez.smartlocation:library:3.2.11] AndroidManifest.xml:21:13-37
115        <service
115-->[io.nlopez.smartlocation:library:3.2.11] AndroidManifest.xml:22:9-24:40
116            android:name="io.nlopez.smartlocation.geofencing.providers.GeofencingGooglePlayServicesProvider$GeofencingService"
116-->[io.nlopez.smartlocation:library:3.2.11] AndroidManifest.xml:23:13-127
117            android:exported="false" />
117-->[io.nlopez.smartlocation:library:3.2.11] AndroidManifest.xml:24:13-37
118        <service
118-->[io.nlopez.smartlocation:library:3.2.11] AndroidManifest.xml:25:9-27:40
119            android:name="io.nlopez.smartlocation.geocoding.providers.AndroidGeocodingProvider$AndroidGeocodingService"
119-->[io.nlopez.smartlocation:library:3.2.11] AndroidManifest.xml:26:13-120
120            android:exported="false" />
120-->[io.nlopez.smartlocation:library:3.2.11] AndroidManifest.xml:27:13-37
121    </application>
122
123</manifest>